<?xml version="1.0" encoding="UTF-8"?>
<robot generator="Robot 6.1 (Python 3.8.0 on win32)" generated="20230709 23:22:09.833" rpa="false" schemaversion="4">
<suite id="s1" name="Code" source="C:\reservei-auto\code.robot">
<kw name="Configurações Globais" library="keywords" type="SETUP">
<kw name="Set Selenium Implicit Wait" library="SeleniumLibrary">
<arg>10 seconds</arg>
<doc>Sets the implicit wait value used by Selenium.</doc>
<status status="PASS" starttime="20230709 23:22:10.563" endtime="20230709 23:22:10.564"/>
</kw>
<status status="PASS" starttime="20230709 23:22:10.563" endtime="20230709 23:22:10.564"/>
</kw>
<test id="s1-t1" name="Login como admin de estabelecimento" line="9">
<kw name="Realizar login como admin de um estabelecimento" library="keywords">
<kw name="Open Browser" library="SeleniumLibrary">
<arg>${URL}</arg>
<arg>${BROWSER}</arg>
<doc>Opens a new browser instance to the optional ``url``.</doc>
<msg timestamp="20230709 23:22:10.566" level="INFO">Opening browser 'Chrome' to base url 'https://front-reservei-dektop.vercel.app/'.</msg>
<status status="PASS" starttime="20230709 23:22:10.565" endtime="20230709 23:22:18.690"/>
</kw>
<kw name="Maximize Browser Window" library="SeleniumLibrary">
<doc>Maximizes current browser window.</doc>
<status status="PASS" starttime="20230709 23:22:18.690" endtime="20230709 23:22:18.811"/>
</kw>
<kw name="Input Text" library="SeleniumLibrary">
<arg>${CAMPO_EMAIL_LOGIN}</arg>
<arg>${EMAIL_ADMIN_ESTABELECIMENTO}</arg>
<doc>Types the given ``text`` into the text field identified by ``locator``.</doc>
<msg timestamp="20230709 23:22:18.812" level="INFO">Typing text 'assiria.fucapi@gmail.com' into text field 'xpath=//*[@id="root"]/div/div/div[2]/form/div[3]/input'.</msg>
<status status="PASS" starttime="20230709 23:22:18.811" endtime="20230709 23:22:18.959"/>
</kw>
<kw name="Input Text" library="SeleniumLibrary">
<arg>${CAMPO_SENHA_LOGIN}</arg>
<arg>${PASSWORD_ADMIN_ESTABELECIMENTO}</arg>
<doc>Types the given ``text`` into the text field identified by ``locator``.</doc>
<msg timestamp="20230709 23:22:18.960" level="INFO">Typing text 'Assou!#21' into text field 'xpath=//*[@id="root"]/div/div/div[2]/form/div[4]/div/input'.</msg>
<status status="PASS" starttime="20230709 23:22:18.959" endtime="20230709 23:22:19.043"/>
</kw>
<kw name="Click Button" library="SeleniumLibrary">
<arg>${BOTÃO_LOGIN}</arg>
<doc>Clicks the button identified by ``locator``.</doc>
<msg timestamp="20230709 23:22:19.044" level="INFO">Clicking button 'xpath=//*[@id="root"]/div/div/div[2]/form/div[6]/button'.</msg>
<status status="PASS" starttime="20230709 23:22:19.043" endtime="20230709 23:22:19.099"/>
</kw>
<kw name="Wait Until Page Contains" library="SeleniumLibrary">
<arg>Dashboard</arg>
<doc>Waits until ``text`` appears on the current page.</doc>
<status status="PASS" starttime="20230709 23:22:19.099" endtime="20230709 23:22:21.981"/>
</kw>
<status status="PASS" starttime="20230709 23:22:10.565" endtime="20230709 23:22:21.981"/>
</kw>
<status status="PASS" starttime="20230709 23:22:10.564" endtime="20230709 23:22:21.982"/>
</test>
<test id="s1-t2" name="Registro de Colaborador" line="13">
<kw name="Set Variable" library="BuiltIn">
<var>${qtd_exec}</var>
<arg>10</arg>
<doc>Returns the given values which can then be assigned to a variables.</doc>
<msg timestamp="20230709 23:22:21.985" level="INFO">${qtd_exec} = 10</msg>
<status status="PASS" starttime="20230709 23:22:21.984" endtime="20230709 23:22:21.985"/>
</kw>
<for flavor="IN RANGE">
<var>${index}</var>
<value>${qtd_exec}</value>
<iter>
<var name="${index}">0</var>
<kw name="Adicionar colaborador ao estabelecimento" library="keywords">
<kw name="Go To" library="SeleniumLibrary">
<arg>${URL_COLABORADORES}</arg>
<doc>Navigates the current browser window to the provided ``url``.</doc>
<msg timestamp="20230709 23:22:21.986" level="INFO">Opening url 'https://front-reservei-dektop.vercel.app/colaboradores'</msg>
<status status="PASS" starttime="20230709 23:22:21.986" endtime="20230709 23:22:22.547"/>
</kw>
<kw name="Wait Until Page Contains" library="SeleniumLibrary">
<arg>Colaboradores</arg>
<doc>Waits until ``text`` appears on the current page.</doc>
<status status="PASS" starttime="20230709 23:22:22.547" endtime="20230709 23:22:22.561"/>
</kw>
<kw name="Click Element" library="SeleniumLibrary">
<arg>${BOTÃO_ADD_COLABORADOR}</arg>
<doc>Click the element identified by ``locator``.</doc>
<msg timestamp="20230709 23:22:22.561" level="INFO">Clicking element 'xpath=//div[contains(@class,'col-12 col-lg-4')]//div'.</msg>
<status status="PASS" starttime="20230709 23:22:22.561" endtime="20230709 23:22:23.396"/>
</kw>
<kw name="Input Text" library="SeleniumLibrary">
<arg>${CAMPO_NOME_COLABORADOR}</arg>
<arg>Simone</arg>
<doc>Types the given ``text`` into the text field identified by ``locator``.</doc>
<msg timestamp="20230709 23:22:23.397" level="INFO">Typing text 'Simone' into text field 'xpath=//input[@class='MuiInputBase-input MuiOutlinedInput-input']'.</msg>
<status status="PASS" starttime="20230709 23:22:23.396" endtime="20230709 23:22:23.532"/>
</kw>
<kw name="Click Element" library="SeleniumLibrary">
<arg>${LISTA_SERVIÇOS}</arg>
<doc>Click the element identified by ``locator``.</doc>
<msg timestamp="20230709 23:22:23.533" level="INFO">Clicking element 'xpath=//div[contains(@class,'MuiSelect-root MuiSelect-select')]'.</msg>
<status status="PASS" starttime="20230709 23:22:23.532" endtime="20230709 23:22:23.604"/>
</kw>
<kw name="Click Element" library="SeleniumLibrary">
<arg>${LISTA_SERVIÇOS_MANICURE}</arg>
<doc>Click the element identified by ``locator``.</doc>
<msg timestamp="20230709 23:22:23.605" level="INFO">Clicking element 'xpath=(//span[contains(@class,'MuiTypography-root MuiListItemText-primary')])[2]'.</msg>
<status status="PASS" starttime="20230709 23:22:23.605" endtime="20230709 23:22:24.197"/>
</kw>
<kw name="Press Keys" library="SeleniumLibrary">
<arg>None</arg>
<arg>TAB</arg>
<doc>Simulates the user pressing key(s) to an element or on the active browser.</doc>
<msg timestamp="20230709 23:22:24.198" level="INFO">Sending key(s) ('TAB',) to page.</msg>
<msg timestamp="20230709 23:22:24.199" level="INFO">Pressing special key TAB to browser.</msg>
<msg timestamp="20230709 23:22:24.199" level="INFO">Releasing special key TAB.</msg>
<status status="PASS" starttime="20230709 23:22:24.198" endtime="20230709 23:22:24.210"/>
</kw>
<kw name="Click Button" library="SeleniumLibrary">
<arg>${BOTÃO_SALVAR}</arg>
<doc>Clicks the button identified by ``locator``.</doc>
<msg timestamp="20230709 23:22:24.211" level="INFO">Clicking button 'xpath=(//button[contains(@class,'btn br-6')])[2]'.</msg>
<status status="PASS" starttime="20230709 23:22:24.210" endtime="20230709 23:22:24.532"/>
</kw>
<kw name="Sleep" library="BuiltIn">
<arg>2s</arg>
<doc>Pauses the test executed for the given time.</doc>
<msg timestamp="20230709 23:22:26.543" level="INFO">Slept 2 seconds</msg>
<status status="PASS" starttime="20230709 23:22:24.532" endtime="20230709 23:22:26.543"/>
</kw>
<kw name="Click Element" library="SeleniumLibrary">
<arg>${CAMPO_HORA_ENTRADA}</arg>
<doc>Click the element identified by ``locator``.</doc>
<msg timestamp="20230709 23:22:26.544" level="INFO">Clicking element 'xpath=//*[@id="simple-tabpanel-0"]/div/div/div/div[1]/div/input'.</msg>
<status status="PASS" starttime="20230709 23:22:26.543" endtime="20230709 23:22:26.592"/>
</kw>
<kw name="Input Text" library="SeleniumLibrary">
<arg>${CAMPO_HORA_ENTRADA}</arg>
<arg>10:00</arg>
<doc>Types the given ``text`` into the text field identified by ``locator``.</doc>
<msg timestamp="20230709 23:22:26.593" level="INFO">Typing text '10:00' into text field 'xpath=//*[@id="simple-tabpanel-0"]/div/div/div/div[1]/div/input'.</msg>
<status status="PASS" starttime="20230709 23:22:26.592" endtime="20230709 23:22:26.682"/>
</kw>
<kw name="Click Element" library="SeleniumLibrary">
<arg>${CAMPO_HORA_SAIDA}</arg>
<doc>Click the element identified by ``locator``.</doc>
<msg timestamp="20230709 23:22:26.683" level="INFO">Clicking element 'xpath=//*[@id="simple-tabpanel-0"]/div/div/div/div[2]/div/input'.</msg>
<status status="PASS" starttime="20230709 23:22:26.682" endtime="20230709 23:22:26.755"/>
</kw>
<kw name="Input Text" library="SeleniumLibrary">
<arg>${CAMPO_HORA_SAIDA}</arg>
<arg>18:00</arg>
<doc>Types the given ``text`` into the text field identified by ``locator``.</doc>
<msg timestamp="20230709 23:22:26.756" level="INFO">Typing text '18:00' into text field 'xpath=//*[@id="simple-tabpanel-0"]/div/div/div/div[2]/div/input'.</msg>
<status status="PASS" starttime="20230709 23:22:26.755" endtime="20230709 23:22:26.843"/>
</kw>
<kw name="Click Element" library="SeleniumLibrary">
<arg>${BOTÃO_APLICA_ALT}</arg>
<doc>Click the element identified by ``locator``.</doc>
<msg timestamp="20230709 23:22:26.844" level="INFO">Clicking element 'xpath=//*[@id="simple-tabpanel-0"]/div/div/div[1]/div[5]/span'.</msg>
<status status="PASS" starttime="20230709 23:22:26.843" endtime="20230709 23:22:26.905"/>
</kw>
<kw name="Click Element" library="SeleniumLibrary">
<arg>${BOTÃO_SALVAR2}</arg>
<doc>Click the element identified by ``locator``.</doc>
<msg timestamp="20230709 23:22:26.906" level="INFO">Clicking element 'xpath=//*[@id="root"]/div[1]/div/div/div/div/div/form/div[1]/div[1]/div/button'.</msg>
<status status="PASS" starttime="20230709 23:22:26.905" endtime="20230709 23:22:26.956"/>
</kw>
<kw name="Wait Until Page Contains" library="SeleniumLibrary">
<arg>Alterações realizadas com sucesso</arg>
<doc>Waits until ``text`` appears on the current page.</doc>
<status status="PASS" starttime="20230709 23:22:26.956" endtime="20230709 23:22:27.529"/>
</kw>
<kw name="Press Keys" library="SeleniumLibrary">
<arg>None</arg>
<arg>ENTER</arg>
<doc>Simulates the user pressing key(s) to an element or on the active browser.</doc>
<msg timestamp="20230709 23:22:27.530" level="INFO">Sending key(s) ('ENTER',) to page.</msg>
<msg timestamp="20230709 23:22:27.530" level="INFO">Pressing special key ENTER to browser.</msg>
<msg timestamp="20230709 23:22:27.530" level="INFO">Releasing special key ENTER.</msg>
<status status="PASS" starttime="20230709 23:22:27.529" endtime="20230709 23:22:27.537"/>
</kw>
<status status="PASS" starttime="20230709 23:22:21.986" endtime="20230709 23:22:27.538"/>
</kw>
<status status="PASS" starttime="20230709 23:22:21.985" endtime="20230709 23:22:27.538"/>
</iter>
<iter>
<var name="${index}">1</var>
<kw name="Adicionar colaborador ao estabelecimento" library="keywords">
<kw name="Go To" library="SeleniumLibrary">
<arg>${URL_COLABORADORES}</arg>
<doc>Navigates the current browser window to the provided ``url``.</doc>
<msg timestamp="20230709 23:22:27.539" level="INFO">Opening url 'https://front-reservei-dektop.vercel.app/colaboradores'</msg>
<status status="PASS" starttime="20230709 23:22:27.538" endtime="20230709 23:22:28.041"/>
</kw>
<kw name="Wait Until Page Contains" library="SeleniumLibrary">
<arg>Colaboradores</arg>
<doc>Waits until ``text`` appears on the current page.</doc>
<status status="PASS" starttime="20230709 23:22:28.041" endtime="20230709 23:22:28.050"/>
</kw>
<kw name="Click Element" library="SeleniumLibrary">
<arg>${BOTÃO_ADD_COLABORADOR}</arg>
<doc>Click the element identified by ``locator``.</doc>
<msg timestamp="20230709 23:22:28.051" level="INFO">Clicking element 'xpath=//div[contains(@class,'col-12 col-lg-4')]//div'.</msg>
<status status="PASS" starttime="20230709 23:22:28.050" endtime="20230709 23:22:29.071"/>
</kw>
<kw name="Input Text" library="SeleniumLibrary">
<arg>${CAMPO_NOME_COLABORADOR}</arg>
<arg>Simone</arg>
<doc>Types the given ``text`` into the text field identified by ``locator``.</doc>
<msg timestamp="20230709 23:22:29.072" level="INFO">Typing text 'Simone' into text field 'xpath=//input[@class='MuiInputBase-input MuiOutlinedInput-input']'.</msg>
<status status="PASS" starttime="20230709 23:22:29.071" endtime="20230709 23:22:29.177"/>
</kw>
<kw name="Click Element" library="SeleniumLibrary">
<arg>${LISTA_SERVIÇOS}</arg>
<doc>Click the element identified by ``locator``.</doc>
<msg timestamp="20230709 23:22:29.179" level="INFO">Clicking element 'xpath=//div[contains(@class,'MuiSelect-root MuiSelect-select')]'.</msg>
<status status="PASS" starttime="20230709 23:22:29.178" endtime="20230709 23:22:29.246"/>
</kw>
<kw name="Click Element" library="SeleniumLibrary">
<arg>${LISTA_SERVIÇOS_MANICURE}</arg>
<doc>Click the element identified by ``locator``.</doc>
<msg timestamp="20230709 23:22:29.247" level="INFO">Clicking element 'xpath=(//span[contains(@class,'MuiTypography-root MuiListItemText-primary')])[2]'.</msg>
<status status="PASS" starttime="20230709 23:22:29.246" endtime="20230709 23:22:29.810"/>
</kw>
<kw name="Press Keys" library="SeleniumLibrary">
<arg>None</arg>
<arg>TAB</arg>
<doc>Simulates the user pressing key(s) to an element or on the active browser.</doc>
<msg timestamp="20230709 23:22:29.812" level="INFO">Sending key(s) ('TAB',) to page.</msg>
<msg timestamp="20230709 23:22:29.812" level="INFO">Pressing special key TAB to browser.</msg>
<msg timestamp="20230709 23:22:29.812" level="INFO">Releasing special key TAB.</msg>
<status status="PASS" starttime="20230709 23:22:29.811" endtime="20230709 23:22:29.824"/>
</kw>
<kw name="Click Button" library="SeleniumLibrary">
<arg>${BOTÃO_SALVAR}</arg>
<doc>Clicks the button identified by ``locator``.</doc>
<msg timestamp="20230709 23:22:29.825" level="INFO">Clicking button 'xpath=(//button[contains(@class,'btn br-6')])[2]'.</msg>
<status status="PASS" starttime="20230709 23:22:29.824" endtime="20230709 23:22:30.140"/>
</kw>
<kw name="Sleep" library="BuiltIn">
<arg>2s</arg>
<doc>Pauses the test executed for the given time.</doc>
<msg timestamp="20230709 23:22:32.151" level="INFO">Slept 2 seconds</msg>
<status status="PASS" starttime="20230709 23:22:30.140" endtime="20230709 23:22:32.151"/>
</kw>
<kw name="Click Element" library="SeleniumLibrary">
<arg>${CAMPO_HORA_ENTRADA}</arg>
<doc>Click the element identified by ``locator``.</doc>
<msg timestamp="20230709 23:22:32.152" level="INFO">Clicking element 'xpath=//*[@id="simple-tabpanel-0"]/div/div/div/div[1]/div/input'.</msg>
<status status="PASS" starttime="20230709 23:22:32.151" endtime="20230709 23:22:32.194"/>
</kw>
<kw name="Input Text" library="SeleniumLibrary">
<arg>${CAMPO_HORA_ENTRADA}</arg>
<arg>10:00</arg>
<doc>Types the given ``text`` into the text field identified by ``locator``.</doc>
<msg timestamp="20230709 23:22:32.195" level="INFO">Typing text '10:00' into text field 'xpath=//*[@id="simple-tabpanel-0"]/div/div/div/div[1]/div/input'.</msg>
<status status="PASS" starttime="20230709 23:22:32.194" endtime="20230709 23:22:32.291"/>
</kw>
<kw name="Click Element" library="SeleniumLibrary">
<arg>${CAMPO_HORA_SAIDA}</arg>
<doc>Click the element identified by ``locator``.</doc>
<msg timestamp="20230709 23:22:32.292" level="INFO">Clicking element 'xpath=//*[@id="simple-tabpanel-0"]/div/div/div/div[2]/div/input'.</msg>
<status status="PASS" starttime="20230709 23:22:32.291" endtime="20230709 23:22:32.335"/>
</kw>
<kw name="Input Text" library="SeleniumLibrary">
<arg>${CAMPO_HORA_SAIDA}</arg>
<arg>18:00</arg>
<doc>Types the given ``text`` into the text field identified by ``locator``.</doc>
<msg timestamp="20230709 23:22:32.336" level="INFO">Typing text '18:00' into text field 'xpath=//*[@id="simple-tabpanel-0"]/div/div/div/div[2]/div/input'.</msg>
<status status="PASS" starttime="20230709 23:22:32.335" endtime="20230709 23:22:32.425"/>
</kw>
<kw name="Click Element" library="SeleniumLibrary">
<arg>${BOTÃO_APLICA_ALT}</arg>
<doc>Click the element identified by ``locator``.</doc>
<msg timestamp="20230709 23:22:32.426" level="INFO">Clicking element 'xpath=//*[@id="simple-tabpanel-0"]/div/div/div[1]/div[5]/span'.</msg>
<status status="PASS" starttime="20230709 23:22:32.425" endtime="20230709 23:22:32.459"/>
</kw>
<kw name="Click Element" library="SeleniumLibrary">
<arg>${BOTÃO_SALVAR2}</arg>
<doc>Click the element identified by ``locator``.</doc>
<msg timestamp="20230709 23:22:32.460" level="INFO">Clicking element 'xpath=//*[@id="root"]/div[1]/div/div/div/div/div/form/div[1]/div[1]/div/button'.</msg>
<status status="PASS" starttime="20230709 23:22:32.459" endtime="20230709 23:22:32.510"/>
</kw>
<kw name="Wait Until Page Contains" library="SeleniumLibrary">
<arg>Alterações realizadas com sucesso</arg>
<doc>Waits until ``text`` appears on the current page.</doc>
<status status="PASS" starttime="20230709 23:22:32.510" endtime="20230709 23:22:33.076"/>
</kw>
<kw name="Press Keys" library="SeleniumLibrary">
<arg>None</arg>
<arg>ENTER</arg>
<doc>Simulates the user pressing key(s) to an element or on the active browser.</doc>
<msg timestamp="20230709 23:22:33.077" level="INFO">Sending key(s) ('ENTER',) to page.</msg>
<msg timestamp="20230709 23:22:33.077" level="INFO">Pressing special key ENTER to browser.</msg>
<msg timestamp="20230709 23:22:33.078" level="INFO">Releasing special key ENTER.</msg>
<status status="PASS" starttime="20230709 23:22:33.077" endtime="20230709 23:22:33.085"/>
</kw>
<status status="PASS" starttime="20230709 23:22:27.538" endtime="20230709 23:22:33.085"/>
</kw>
<status status="PASS" starttime="20230709 23:22:27.538" endtime="20230709 23:22:33.085"/>
</iter>
<iter>
<var name="${index}">2</var>
<kw name="Adicionar colaborador ao estabelecimento" library="keywords">
<kw name="Go To" library="SeleniumLibrary">
<arg>${URL_COLABORADORES}</arg>
<doc>Navigates the current browser window to the provided ``url``.</doc>
<msg timestamp="20230709 23:22:33.087" level="INFO">Opening url 'https://front-reservei-dektop.vercel.app/colaboradores'</msg>
<status status="PASS" starttime="20230709 23:22:33.086" endtime="20230709 23:22:33.576"/>
</kw>
<kw name="Wait Until Page Contains" library="SeleniumLibrary">
<arg>Colaboradores</arg>
<doc>Waits until ``text`` appears on the current page.</doc>
<status status="PASS" starttime="20230709 23:22:33.576" endtime="20230709 23:22:33.584"/>
</kw>
<kw name="Click Element" library="SeleniumLibrary">
<arg>${BOTÃO_ADD_COLABORADOR}</arg>
<doc>Click the element identified by ``locator``.</doc>
<msg timestamp="20230709 23:22:33.585" level="INFO">Clicking element 'xpath=//div[contains(@class,'col-12 col-lg-4')]//div'.</msg>
<status status="PASS" starttime="20230709 23:22:33.585" endtime="20230709 23:22:34.096"/>
</kw>
<kw name="Input Text" library="SeleniumLibrary">
<arg>${CAMPO_NOME_COLABORADOR}</arg>
<arg>Simone</arg>
<doc>Types the given ``text`` into the text field identified by ``locator``.</doc>
<msg timestamp="20230709 23:22:34.098" level="INFO">Typing text 'Simone' into text field 'xpath=//input[@class='MuiInputBase-input MuiOutlinedInput-input']'.</msg>
<status status="PASS" starttime="20230709 23:22:34.097" endtime="20230709 23:22:34.210"/>
</kw>
<kw name="Click Element" library="SeleniumLibrary">
<arg>${LISTA_SERVIÇOS}</arg>
<doc>Click the element identified by ``locator``.</doc>
<msg timestamp="20230709 23:22:34.211" level="INFO">Clicking element 'xpath=//div[contains(@class,'MuiSelect-root MuiSelect-select')]'.</msg>
<status status="PASS" starttime="20230709 23:22:34.210" endtime="20230709 23:22:34.265"/>
</kw>
<kw name="Click Element" library="SeleniumLibrary">
<arg>${LISTA_SERVIÇOS_MANICURE}</arg>
<doc>Click the element identified by ``locator``.</doc>
<msg timestamp="20230709 23:22:34.266" level="INFO">Clicking element 'xpath=(//span[contains(@class,'MuiTypography-root MuiListItemText-primary')])[2]'.</msg>
<status status="PASS" starttime="20230709 23:22:34.265" endtime="20230709 23:22:34.594"/>
</kw>
<kw name="Press Keys" library="SeleniumLibrary">
<arg>None</arg>
<arg>TAB</arg>
<doc>Simulates the user pressing key(s) to an element or on the active browser.</doc>
<msg timestamp="20230709 23:22:34.595" level="INFO">Sending key(s) ('TAB',) to page.</msg>
<msg timestamp="20230709 23:22:34.595" level="INFO">Pressing special key TAB to browser.</msg>
<msg timestamp="20230709 23:22:34.595" level="INFO">Releasing special key TAB.</msg>
<status status="PASS" starttime="20230709 23:22:34.594" endtime="20230709 23:22:34.606"/>
</kw>
<kw name="Click Button" library="SeleniumLibrary">
<arg>${BOTÃO_SALVAR}</arg>
<doc>Clicks the button identified by ``locator``.</doc>
<msg timestamp="20230709 23:22:34.607" level="INFO">Clicking button 'xpath=(//button[contains(@class,'btn br-6')])[2]'.</msg>
<status status="PASS" starttime="20230709 23:22:34.606" endtime="20230709 23:22:34.921"/>
</kw>
<kw name="Sleep" library="BuiltIn">
<arg>2s</arg>
<doc>Pauses the test executed for the given time.</doc>
<msg timestamp="20230709 23:22:36.925" level="INFO">Slept 2 seconds</msg>
<status status="PASS" starttime="20230709 23:22:34.921" endtime="20230709 23:22:36.925"/>
</kw>
<kw name="Click Element" library="SeleniumLibrary">
<arg>${CAMPO_HORA_ENTRADA}</arg>
<doc>Click the element identified by ``locator``.</doc>
<msg timestamp="20230709 23:22:36.926" level="INFO">Clicking element 'xpath=//*[@id="simple-tabpanel-0"]/div/div/div/div[1]/div/input'.</msg>
<status status="PASS" starttime="20230709 23:22:36.925" endtime="20230709 23:22:36.967"/>
</kw>
<kw name="Input Text" library="SeleniumLibrary">
<arg>${CAMPO_HORA_ENTRADA}</arg>
<arg>10:00</arg>
<doc>Types the given ``text`` into the text field identified by ``locator``.</doc>
<msg timestamp="20230709 23:22:36.968" level="INFO">Typing text '10:00' into text field 'xpath=//*[@id="simple-tabpanel-0"]/div/div/div/div[1]/div/input'.</msg>
<status status="PASS" starttime="20230709 23:22:36.967" endtime="20230709 23:22:37.066"/>
</kw>
<kw name="Click Element" library="SeleniumLibrary">
<arg>${CAMPO_HORA_SAIDA}</arg>
<doc>Click the element identified by ``locator``.</doc>
<msg timestamp="20230709 23:22:37.067" level="INFO">Clicking element 'xpath=//*[@id="simple-tabpanel-0"]/div/div/div/div[2]/div/input'.</msg>
<status status="PASS" starttime="20230709 23:22:37.067" endtime="20230709 23:22:37.118"/>
</kw>
<kw name="Input Text" library="SeleniumLibrary">
<arg>${CAMPO_HORA_SAIDA}</arg>
<arg>18:00</arg>
<doc>Types the given ``text`` into the text field identified by ``locator``.</doc>
<msg timestamp="20230709 23:22:37.119" level="INFO">Typing text '18:00' into text field 'xpath=//*[@id="simple-tabpanel-0"]/div/div/div/div[2]/div/input'.</msg>
<status status="PASS" starttime="20230709 23:22:37.118" endtime="20230709 23:22:37.206"/>
</kw>
<kw name="Click Element" library="SeleniumLibrary">
<arg>${BOTÃO_APLICA_ALT}</arg>
<doc>Click the element identified by ``locator``.</doc>
<msg timestamp="20230709 23:22:37.207" level="INFO">Clicking element 'xpath=//*[@id="simple-tabpanel-0"]/div/div/div[1]/div[5]/span'.</msg>
<status status="PASS" starttime="20230709 23:22:37.207" endtime="20230709 23:22:37.240"/>
</kw>
<kw name="Click Element" library="SeleniumLibrary">
<arg>${BOTÃO_SALVAR2}</arg>
<doc>Click the element identified by ``locator``.</doc>
<msg timestamp="20230709 23:22:37.241" level="INFO">Clicking element 'xpath=//*[@id="root"]/div[1]/div/div/div/div/div/form/div[1]/div[1]/div/button'.</msg>
<status status="PASS" starttime="20230709 23:22:37.241" endtime="20230709 23:22:37.284"/>
</kw>
<kw name="Wait Until Page Contains" library="SeleniumLibrary">
<arg>Alterações realizadas com sucesso</arg>
<doc>Waits until ``text`` appears on the current page.</doc>
<status status="PASS" starttime="20230709 23:22:37.284" endtime="20230709 23:22:37.849"/>
</kw>
<kw name="Press Keys" library="SeleniumLibrary">
<arg>None</arg>
<arg>ENTER</arg>
<doc>Simulates the user pressing key(s) to an element or on the active browser.</doc>
<msg timestamp="20230709 23:22:37.850" level="INFO">Sending key(s) ('ENTER',) to page.</msg>
<msg timestamp="20230709 23:22:37.850" level="INFO">Pressing special key ENTER to browser.</msg>
<msg timestamp="20230709 23:22:37.850" level="INFO">Releasing special key ENTER.</msg>
<status status="PASS" starttime="20230709 23:22:37.849" endtime="20230709 23:22:37.857"/>
</kw>
<status status="PASS" starttime="20230709 23:22:33.086" endtime="20230709 23:22:37.857"/>
</kw>
<status status="PASS" starttime="20230709 23:22:33.085" endtime="20230709 23:22:37.857"/>
</iter>
<iter>
<var name="${index}">3</var>
<kw name="Adicionar colaborador ao estabelecimento" library="keywords">
<kw name="Go To" library="SeleniumLibrary">
<arg>${URL_COLABORADORES}</arg>
<doc>Navigates the current browser window to the provided ``url``.</doc>
<msg timestamp="20230709 23:22:37.858" level="INFO">Opening url 'https://front-reservei-dektop.vercel.app/colaboradores'</msg>
<status status="PASS" starttime="20230709 23:22:37.858" endtime="20230709 23:22:38.308"/>
</kw>
<kw name="Wait Until Page Contains" library="SeleniumLibrary">
<arg>Colaboradores</arg>
<doc>Waits until ``text`` appears on the current page.</doc>
<status status="PASS" starttime="20230709 23:22:38.309" endtime="20230709 23:22:38.318"/>
</kw>
<kw name="Click Element" library="SeleniumLibrary">
<arg>${BOTÃO_ADD_COLABORADOR}</arg>
<doc>Click the element identified by ``locator``.</doc>
<msg timestamp="20230709 23:22:38.320" level="INFO">Clicking element 'xpath=//div[contains(@class,'col-12 col-lg-4')]//div'.</msg>
<status status="PASS" starttime="20230709 23:22:38.319" endtime="20230709 23:22:38.749"/>
</kw>
<kw name="Input Text" library="SeleniumLibrary">
<arg>${CAMPO_NOME_COLABORADOR}</arg>
<arg>Simone</arg>
<doc>Types the given ``text`` into the text field identified by ``locator``.</doc>
<msg timestamp="20230709 23:22:38.750" level="INFO">Typing text 'Simone' into text field 'xpath=//input[@class='MuiInputBase-input MuiOutlinedInput-input']'.</msg>
<status status="PASS" starttime="20230709 23:22:38.749" endtime="20230709 23:22:38.878"/>
</kw>
<kw name="Click Element" library="SeleniumLibrary">
<arg>${LISTA_SERVIÇOS}</arg>
<doc>Click the element identified by ``locator``.</doc>
<msg timestamp="20230709 23:22:38.880" level="INFO">Clicking element 'xpath=//div[contains(@class,'MuiSelect-root MuiSelect-select')]'.</msg>
<status status="PASS" starttime="20230709 23:22:38.879" endtime="20230709 23:22:38.926"/>
</kw>
<kw name="Click Element" library="SeleniumLibrary">
<arg>${LISTA_SERVIÇOS_MANICURE}</arg>
<doc>Click the element identified by ``locator``.</doc>
<msg timestamp="20230709 23:22:38.927" level="INFO">Clicking element 'xpath=(//span[contains(@class,'MuiTypography-root MuiListItemText-primary')])[2]'.</msg>
<status status="PASS" starttime="20230709 23:22:38.926" endtime="20230709 23:22:39.245"/>
</kw>
<kw name="Press Keys" library="SeleniumLibrary">
<arg>None</arg>
<arg>TAB</arg>
<doc>Simulates the user pressing key(s) to an element or on the active browser.</doc>
<msg timestamp="20230709 23:22:39.246" level="INFO">Sending key(s) ('TAB',) to page.</msg>
<msg timestamp="20230709 23:22:39.246" level="INFO">Pressing special key TAB to browser.</msg>
<msg timestamp="20230709 23:22:39.246" level="INFO">Releasing special key TAB.</msg>
<status status="PASS" starttime="20230709 23:22:39.246" endtime="20230709 23:22:39.262"/>
</kw>
<kw name="Click Button" library="SeleniumLibrary">
<arg>${BOTÃO_SALVAR}</arg>
<doc>Clicks the button identified by ``locator``.</doc>
<msg timestamp="20230709 23:22:39.263" level="INFO">Clicking button 'xpath=(//button[contains(@class,'btn br-6')])[2]'.</msg>
<status status="PASS" starttime="20230709 23:22:39.262" endtime="20230709 23:22:39.577"/>
</kw>
<kw name="Sleep" library="BuiltIn">
<arg>2s</arg>
<doc>Pauses the test executed for the given time.</doc>
<msg timestamp="20230709 23:22:41.592" level="INFO">Slept 2 seconds</msg>
<status status="PASS" starttime="20230709 23:22:39.577" endtime="20230709 23:22:41.592"/>
</kw>
<kw name="Click Element" library="SeleniumLibrary">
<arg>${CAMPO_HORA_ENTRADA}</arg>
<doc>Click the element identified by ``locator``.</doc>
<msg timestamp="20230709 23:22:41.593" level="INFO">Clicking element 'xpath=//*[@id="simple-tabpanel-0"]/div/div/div/div[1]/div/input'.</msg>
<status status="PASS" starttime="20230709 23:22:41.592" endtime="20230709 23:22:41.634"/>
</kw>
<kw name="Input Text" library="SeleniumLibrary">
<arg>${CAMPO_HORA_ENTRADA}</arg>
<arg>10:00</arg>
<doc>Types the given ``text`` into the text field identified by ``locator``.</doc>
<msg timestamp="20230709 23:22:41.635" level="INFO">Typing text '10:00' into text field 'xpath=//*[@id="simple-tabpanel-0"]/div/div/div/div[1]/div/input'.</msg>
<status status="PASS" starttime="20230709 23:22:41.635" endtime="20230709 23:22:41.726"/>
</kw>
<kw name="Click Element" library="SeleniumLibrary">
<arg>${CAMPO_HORA_SAIDA}</arg>
<doc>Click the element identified by ``locator``.</doc>
<msg timestamp="20230709 23:22:41.727" level="INFO">Clicking element 'xpath=//*[@id="simple-tabpanel-0"]/div/div/div/div[2]/div/input'.</msg>
<status status="PASS" starttime="20230709 23:22:41.726" endtime="20230709 23:22:41.777"/>
</kw>
<kw name="Input Text" library="SeleniumLibrary">
<arg>${CAMPO_HORA_SAIDA}</arg>
<arg>18:00</arg>
<doc>Types the given ``text`` into the text field identified by ``locator``.</doc>
<msg timestamp="20230709 23:22:41.778" level="INFO">Typing text '18:00' into text field 'xpath=//*[@id="simple-tabpanel-0"]/div/div/div/div[2]/div/input'.</msg>
<status status="PASS" starttime="20230709 23:22:41.777" endtime="20230709 23:22:41.867"/>
</kw>
<kw name="Click Element" library="SeleniumLibrary">
<arg>${BOTÃO_APLICA_ALT}</arg>
<doc>Click the element identified by ``locator``.</doc>
<msg timestamp="20230709 23:22:41.868" level="INFO">Clicking element 'xpath=//*[@id="simple-tabpanel-0"]/div/div/div[1]/div[5]/span'.</msg>
<status status="PASS" starttime="20230709 23:22:41.868" endtime="20230709 23:22:41.906"/>
</kw>
<kw name="Click Element" library="SeleniumLibrary">
<arg>${BOTÃO_SALVAR2}</arg>
<doc>Click the element identified by ``locator``.</doc>
<msg timestamp="20230709 23:22:41.907" level="INFO">Clicking element 'xpath=//*[@id="root"]/div[1]/div/div/div/div/div/form/div[1]/div[1]/div/button'.</msg>
<status status="PASS" starttime="20230709 23:22:41.906" endtime="20230709 23:22:41.951"/>
</kw>
<kw name="Wait Until Page Contains" library="SeleniumLibrary">
<arg>Alterações realizadas com sucesso</arg>
<doc>Waits until ``text`` appears on the current page.</doc>
<status status="PASS" starttime="20230709 23:22:41.952" endtime="20230709 23:22:42.663"/>
</kw>
<kw name="Press Keys" library="SeleniumLibrary">
<arg>None</arg>
<arg>ENTER</arg>
<doc>Simulates the user pressing key(s) to an element or on the active browser.</doc>
<msg timestamp="20230709 23:22:42.664" level="INFO">Sending key(s) ('ENTER',) to page.</msg>
<msg timestamp="20230709 23:22:42.664" level="INFO">Pressing special key ENTER to browser.</msg>
<msg timestamp="20230709 23:22:42.664" level="INFO">Releasing special key ENTER.</msg>
<status status="PASS" starttime="20230709 23:22:42.663" endtime="20230709 23:22:42.671"/>
</kw>
<status status="PASS" starttime="20230709 23:22:37.857" endtime="20230709 23:22:42.671"/>
</kw>
<status status="PASS" starttime="20230709 23:22:37.857" endtime="20230709 23:22:42.671"/>
</iter>
<iter>
<var name="${index}">4</var>
<kw name="Adicionar colaborador ao estabelecimento" library="keywords">
<kw name="Go To" library="SeleniumLibrary">
<arg>${URL_COLABORADORES}</arg>
<doc>Navigates the current browser window to the provided ``url``.</doc>
<msg timestamp="20230709 23:22:42.673" level="INFO">Opening url 'https://front-reservei-dektop.vercel.app/colaboradores'</msg>
<status status="PASS" starttime="20230709 23:22:42.672" endtime="20230709 23:22:43.060"/>
</kw>
<kw name="Wait Until Page Contains" library="SeleniumLibrary">
<arg>Colaboradores</arg>
<doc>Waits until ``text`` appears on the current page.</doc>
<status status="PASS" starttime="20230709 23:22:43.060" endtime="20230709 23:22:43.069"/>
</kw>
<kw name="Click Element" library="SeleniumLibrary">
<arg>${BOTÃO_ADD_COLABORADOR}</arg>
<doc>Click the element identified by ``locator``.</doc>
<msg timestamp="20230709 23:22:43.070" level="INFO">Clicking element 'xpath=//div[contains(@class,'col-12 col-lg-4')]//div'.</msg>
<status status="PASS" starttime="20230709 23:22:43.069" endtime="20230709 23:22:43.707"/>
</kw>
<kw name="Input Text" library="SeleniumLibrary">
<arg>${CAMPO_NOME_COLABORADOR}</arg>
<arg>Simone</arg>
<doc>Types the given ``text`` into the text field identified by ``locator``.</doc>
<msg timestamp="20230709 23:22:43.709" level="INFO">Typing text 'Simone' into text field 'xpath=//input[@class='MuiInputBase-input MuiOutlinedInput-input']'.</msg>
<status status="PASS" starttime="20230709 23:22:43.707" endtime="20230709 23:22:43.868"/>
</kw>
<kw name="Click Element" library="SeleniumLibrary">
<arg>${LISTA_SERVIÇOS}</arg>
<doc>Click the element identified by ``locator``.</doc>
<msg timestamp="20230709 23:22:43.870" level="INFO">Clicking element 'xpath=//div[contains(@class,'MuiSelect-root MuiSelect-select')]'.</msg>
<status status="PASS" starttime="20230709 23:22:43.868" endtime="20230709 23:22:43.916"/>
</kw>
<kw name="Click Element" library="SeleniumLibrary">
<arg>${LISTA_SERVIÇOS_MANICURE}</arg>
<doc>Click the element identified by ``locator``.</doc>
<msg timestamp="20230709 23:22:43.917" level="INFO">Clicking element 'xpath=(//span[contains(@class,'MuiTypography-root MuiListItemText-primary')])[2]'.</msg>
<status status="PASS" starttime="20230709 23:22:43.917" endtime="20230709 23:22:44.566"/>
</kw>
<kw name="Press Keys" library="SeleniumLibrary">
<arg>None</arg>
<arg>TAB</arg>
<doc>Simulates the user pressing key(s) to an element or on the active browser.</doc>
<msg timestamp="20230709 23:22:44.567" level="INFO">Sending key(s) ('TAB',) to page.</msg>
<msg timestamp="20230709 23:22:44.568" level="INFO">Pressing special key TAB to browser.</msg>
<msg timestamp="20230709 23:22:44.568" level="INFO">Releasing special key TAB.</msg>
<status status="PASS" starttime="20230709 23:22:44.567" endtime="20230709 23:22:44.578"/>
</kw>
<kw name="Click Button" library="SeleniumLibrary">
<arg>${BOTÃO_SALVAR}</arg>
<doc>Clicks the button identified by ``locator``.</doc>
<msg timestamp="20230709 23:22:44.579" level="INFO">Clicking button 'xpath=(//button[contains(@class,'btn br-6')])[2]'.</msg>
<status status="PASS" starttime="20230709 23:22:44.579" endtime="20230709 23:22:44.893"/>
</kw>
<kw name="Sleep" library="BuiltIn">
<arg>2s</arg>
<doc>Pauses the test executed for the given time.</doc>
<msg timestamp="20230709 23:22:46.900" level="INFO">Slept 2 seconds</msg>
<status status="PASS" starttime="20230709 23:22:44.893" endtime="20230709 23:22:46.900"/>
</kw>
<kw name="Click Element" library="SeleniumLibrary">
<arg>${CAMPO_HORA_ENTRADA}</arg>
<doc>Click the element identified by ``locator``.</doc>
<msg timestamp="20230709 23:22:46.901" level="INFO">Clicking element 'xpath=//*[@id="simple-tabpanel-0"]/div/div/div/div[1]/div/input'.</msg>
<status status="PASS" starttime="20230709 23:22:46.900" endtime="20230709 23:22:46.943"/>
</kw>
<kw name="Input Text" library="SeleniumLibrary">
<arg>${CAMPO_HORA_ENTRADA}</arg>
<arg>10:00</arg>
<doc>Types the given ``text`` into the text field identified by ``locator``.</doc>
<msg timestamp="20230709 23:22:46.944" level="INFO">Typing text '10:00' into text field 'xpath=//*[@id="simple-tabpanel-0"]/div/div/div/div[1]/div/input'.</msg>
<status status="PASS" starttime="20230709 23:22:46.943" endtime="20230709 23:22:47.041"/>
</kw>
<kw name="Click Element" library="SeleniumLibrary">
<arg>${CAMPO_HORA_SAIDA}</arg>
<doc>Click the element identified by ``locator``.</doc>
<msg timestamp="20230709 23:22:47.042" level="INFO">Clicking element 'xpath=//*[@id="simple-tabpanel-0"]/div/div/div/div[2]/div/input'.</msg>
<status status="PASS" starttime="20230709 23:22:47.041" endtime="20230709 23:22:47.093"/>
</kw>
<kw name="Input Text" library="SeleniumLibrary">
<arg>${CAMPO_HORA_SAIDA}</arg>
<arg>18:00</arg>
<doc>Types the given ``text`` into the text field identified by ``locator``.</doc>
<msg timestamp="20230709 23:22:47.094" level="INFO">Typing text '18:00' into text field 'xpath=//*[@id="simple-tabpanel-0"]/div/div/div/div[2]/div/input'.</msg>
<status status="PASS" starttime="20230709 23:22:47.093" endtime="20230709 23:22:47.190"/>
</kw>
<kw name="Click Element" library="SeleniumLibrary">
<arg>${BOTÃO_APLICA_ALT}</arg>
<doc>Click the element identified by ``locator``.</doc>
<msg timestamp="20230709 23:22:47.192" level="INFO">Clicking element 'xpath=//*[@id="simple-tabpanel-0"]/div/div/div[1]/div[5]/span'.</msg>
<status status="PASS" starttime="20230709 23:22:47.192" endtime="20230709 23:22:47.229"/>
</kw>
<kw name="Click Element" library="SeleniumLibrary">
<arg>${BOTÃO_SALVAR2}</arg>
<doc>Click the element identified by ``locator``.</doc>
<msg timestamp="20230709 23:22:47.230" level="INFO">Clicking element 'xpath=//*[@id="root"]/div[1]/div/div/div/div/div/form/div[1]/div[1]/div/button'.</msg>
<status status="PASS" starttime="20230709 23:22:47.230" endtime="20230709 23:22:47.281"/>
</kw>
<kw name="Wait Until Page Contains" library="SeleniumLibrary">
<arg>Alterações realizadas com sucesso</arg>
<doc>Waits until ``text`` appears on the current page.</doc>
<status status="PASS" starttime="20230709 23:22:47.281" endtime="20230709 23:22:48.248"/>
</kw>
<kw name="Press Keys" library="SeleniumLibrary">
<arg>None</arg>
<arg>ENTER</arg>
<doc>Simulates the user pressing key(s) to an element or on the active browser.</doc>
<msg timestamp="20230709 23:22:48.249" level="INFO">Sending key(s) ('ENTER',) to page.</msg>
<msg timestamp="20230709 23:22:48.249" level="INFO">Pressing special key ENTER to browser.</msg>
<msg timestamp="20230709 23:22:48.249" level="INFO">Releasing special key ENTER.</msg>
<status status="PASS" starttime="20230709 23:22:48.249" endtime="20230709 23:22:48.255"/>
</kw>
<status status="PASS" starttime="20230709 23:22:42.672" endtime="20230709 23:22:48.256"/>
</kw>
<status status="PASS" starttime="20230709 23:22:42.672" endtime="20230709 23:22:48.256"/>
</iter>
<iter>
<var name="${index}">5</var>
<kw name="Adicionar colaborador ao estabelecimento" library="keywords">
<kw name="Go To" library="SeleniumLibrary">
<arg>${URL_COLABORADORES}</arg>
<doc>Navigates the current browser window to the provided ``url``.</doc>
<msg timestamp="20230709 23:22:48.256" level="INFO">Opening url 'https://front-reservei-dektop.vercel.app/colaboradores'</msg>
<status status="PASS" starttime="20230709 23:22:48.256" endtime="20230709 23:22:48.827"/>
</kw>
<kw name="Wait Until Page Contains" library="SeleniumLibrary">
<arg>Colaboradores</arg>
<doc>Waits until ``text`` appears on the current page.</doc>
<status status="PASS" starttime="20230709 23:22:48.827" endtime="20230709 23:22:48.836"/>
</kw>
<kw name="Click Element" library="SeleniumLibrary">
<arg>${BOTÃO_ADD_COLABORADOR}</arg>
<doc>Click the element identified by ``locator``.</doc>
<msg timestamp="20230709 23:22:48.837" level="INFO">Clicking element 'xpath=//div[contains(@class,'col-12 col-lg-4')]//div'.</msg>
<status status="PASS" starttime="20230709 23:22:48.837" endtime="20230709 23:22:49.460"/>
</kw>
<kw name="Input Text" library="SeleniumLibrary">
<arg>${CAMPO_NOME_COLABORADOR}</arg>
<arg>Simone</arg>
<doc>Types the given ``text`` into the text field identified by ``locator``.</doc>
<msg timestamp="20230709 23:22:49.461" level="INFO">Typing text 'Simone' into text field 'xpath=//input[@class='MuiInputBase-input MuiOutlinedInput-input']'.</msg>
<status status="PASS" starttime="20230709 23:22:49.460" endtime="20230709 23:22:49.590"/>
</kw>
<kw name="Click Element" library="SeleniumLibrary">
<arg>${LISTA_SERVIÇOS}</arg>
<doc>Click the element identified by ``locator``.</doc>
<msg timestamp="20230709 23:22:49.591" level="INFO">Clicking element 'xpath=//div[contains(@class,'MuiSelect-root MuiSelect-select')]'.</msg>
<status status="PASS" starttime="20230709 23:22:49.590" endtime="20230709 23:22:49.662"/>
</kw>
<kw name="Click Element" library="SeleniumLibrary">
<arg>${LISTA_SERVIÇOS_MANICURE}</arg>
<doc>Click the element identified by ``locator``.</doc>
<msg timestamp="20230709 23:22:49.662" level="INFO">Clicking element 'xpath=(//span[contains(@class,'MuiTypography-root MuiListItemText-primary')])[2]'.</msg>
<status status="PASS" starttime="20230709 23:22:49.662" endtime="20230709 23:22:50.152"/>
</kw>
<kw name="Press Keys" library="SeleniumLibrary">
<arg>None</arg>
<arg>TAB</arg>
<doc>Simulates the user pressing key(s) to an element or on the active browser.</doc>
<msg timestamp="20230709 23:22:50.153" level="INFO">Sending key(s) ('TAB',) to page.</msg>
<msg timestamp="20230709 23:22:50.153" level="INFO">Pressing special key TAB to browser.</msg>
<msg timestamp="20230709 23:22:50.153" level="INFO">Releasing special key TAB.</msg>
<status status="PASS" starttime="20230709 23:22:50.152" endtime="20230709 23:22:50.164"/>
</kw>
<kw name="Click Button" library="SeleniumLibrary">
<arg>${BOTÃO_SALVAR}</arg>
<doc>Clicks the button identified by ``locator``.</doc>
<msg timestamp="20230709 23:22:50.165" level="INFO">Clicking button 'xpath=(//button[contains(@class,'btn br-6')])[2]'.</msg>
<status status="PASS" starttime="20230709 23:22:50.165" endtime="20230709 23:22:50.467"/>
</kw>
<kw name="Sleep" library="BuiltIn">
<arg>2s</arg>
<doc>Pauses the test executed for the given time.</doc>
<msg timestamp="20230709 23:22:52.468" level="INFO">Slept 2 seconds</msg>
<status status="PASS" starttime="20230709 23:22:50.468" endtime="20230709 23:22:52.468"/>
</kw>
<kw name="Click Element" library="SeleniumLibrary">
<arg>${CAMPO_HORA_ENTRADA}</arg>
<doc>Click the element identified by ``locator``.</doc>
<msg timestamp="20230709 23:22:52.469" level="INFO">Clicking element 'xpath=//*[@id="simple-tabpanel-0"]/div/div/div/div[1]/div/input'.</msg>
<status status="PASS" starttime="20230709 23:22:52.468" endtime="20230709 23:22:52.508"/>
</kw>
<kw name="Input Text" library="SeleniumLibrary">
<arg>${CAMPO_HORA_ENTRADA}</arg>
<arg>10:00</arg>
<doc>Types the given ``text`` into the text field identified by ``locator``.</doc>
<msg timestamp="20230709 23:22:52.509" level="INFO">Typing text '10:00' into text field 'xpath=//*[@id="simple-tabpanel-0"]/div/div/div/div[1]/div/input'.</msg>
<status status="PASS" starttime="20230709 23:22:52.508" endtime="20230709 23:22:52.599"/>
</kw>
<kw name="Click Element" library="SeleniumLibrary">
<arg>${CAMPO_HORA_SAIDA}</arg>
<doc>Click the element identified by ``locator``.</doc>
<msg timestamp="20230709 23:22:52.600" level="INFO">Clicking element 'xpath=//*[@id="simple-tabpanel-0"]/div/div/div/div[2]/div/input'.</msg>
<status status="PASS" starttime="20230709 23:22:52.599" endtime="20230709 23:22:52.642"/>
</kw>
<kw name="Input Text" library="SeleniumLibrary">
<arg>${CAMPO_HORA_SAIDA}</arg>
<arg>18:00</arg>
<doc>Types the given ``text`` into the text field identified by ``locator``.</doc>
<msg timestamp="20230709 23:22:52.643" level="INFO">Typing text '18:00' into text field 'xpath=//*[@id="simple-tabpanel-0"]/div/div/div/div[2]/div/input'.</msg>
<status status="PASS" starttime="20230709 23:22:52.642" endtime="20230709 23:22:52.731"/>
</kw>
<kw name="Click Element" library="SeleniumLibrary">
<arg>${BOTÃO_APLICA_ALT}</arg>
<doc>Click the element identified by ``locator``.</doc>
<msg timestamp="20230709 23:22:52.732" level="INFO">Clicking element 'xpath=//*[@id="simple-tabpanel-0"]/div/div/div[1]/div[5]/span'.</msg>
<status status="PASS" starttime="20230709 23:22:52.731" endtime="20230709 23:22:52.769"/>
</kw>
<kw name="Click Element" library="SeleniumLibrary">
<arg>${BOTÃO_SALVAR2}</arg>
<doc>Click the element identified by ``locator``.</doc>
<msg timestamp="20230709 23:22:52.770" level="INFO">Clicking element 'xpath=//*[@id="root"]/div[1]/div/div/div/div/div/form/div[1]/div[1]/div/button'.</msg>
<status status="PASS" starttime="20230709 23:22:52.769" endtime="20230709 23:22:52.822"/>
</kw>
<kw name="Wait Until Page Contains" library="SeleniumLibrary">
<arg>Alterações realizadas com sucesso</arg>
<doc>Waits until ``text`` appears on the current page.</doc>
<status status="PASS" starttime="20230709 23:22:52.823" endtime="20230709 23:22:53.344"/>
</kw>
<kw name="Press Keys" library="SeleniumLibrary">
<arg>None</arg>
<arg>ENTER</arg>
<doc>Simulates the user pressing key(s) to an element or on the active browser.</doc>
<msg timestamp="20230709 23:22:53.345" level="INFO">Sending key(s) ('ENTER',) to page.</msg>
<msg timestamp="20230709 23:22:53.345" level="INFO">Pressing special key ENTER to browser.</msg>
<msg timestamp="20230709 23:22:53.345" level="INFO">Releasing special key ENTER.</msg>
<status status="PASS" starttime="20230709 23:22:53.344" endtime="20230709 23:22:53.351"/>
</kw>
<status status="PASS" starttime="20230709 23:22:48.256" endtime="20230709 23:22:53.351"/>
</kw>
<status status="PASS" starttime="20230709 23:22:48.256" endtime="20230709 23:22:53.351"/>
</iter>
<iter>
<var name="${index}">6</var>
<kw name="Adicionar colaborador ao estabelecimento" library="keywords">
<kw name="Go To" library="SeleniumLibrary">
<arg>${URL_COLABORADORES}</arg>
<doc>Navigates the current browser window to the provided ``url``.</doc>
<msg timestamp="20230709 23:22:53.352" level="INFO">Opening url 'https://front-reservei-dektop.vercel.app/colaboradores'</msg>
<status status="PASS" starttime="20230709 23:22:53.352" endtime="20230709 23:22:53.694"/>
</kw>
<kw name="Wait Until Page Contains" library="SeleniumLibrary">
<arg>Colaboradores</arg>
<doc>Waits until ``text`` appears on the current page.</doc>
<status status="PASS" starttime="20230709 23:22:53.694" endtime="20230709 23:22:53.702"/>
</kw>
<kw name="Click Element" library="SeleniumLibrary">
<arg>${BOTÃO_ADD_COLABORADOR}</arg>
<doc>Click the element identified by ``locator``.</doc>
<msg timestamp="20230709 23:22:53.703" level="INFO">Clicking element 'xpath=//div[contains(@class,'col-12 col-lg-4')]//div'.</msg>
<status status="PASS" starttime="20230709 23:22:53.702" endtime="20230709 23:22:54.137"/>
</kw>
<kw name="Input Text" library="SeleniumLibrary">
<arg>${CAMPO_NOME_COLABORADOR}</arg>
<arg>Simone</arg>
<doc>Types the given ``text`` into the text field identified by ``locator``.</doc>
<msg timestamp="20230709 23:22:54.138" level="INFO">Typing text 'Simone' into text field 'xpath=//input[@class='MuiInputBase-input MuiOutlinedInput-input']'.</msg>
<status status="PASS" starttime="20230709 23:22:54.137" endtime="20230709 23:22:54.256"/>
</kw>
<kw name="Click Element" library="SeleniumLibrary">
<arg>${LISTA_SERVIÇOS}</arg>
<doc>Click the element identified by ``locator``.</doc>
<msg timestamp="20230709 23:22:54.257" level="INFO">Clicking element 'xpath=//div[contains(@class,'MuiSelect-root MuiSelect-select')]'.</msg>
<status status="PASS" starttime="20230709 23:22:54.256" endtime="20230709 23:22:54.312"/>
</kw>
<kw name="Click Element" library="SeleniumLibrary">
<arg>${LISTA_SERVIÇOS_MANICURE}</arg>
<doc>Click the element identified by ``locator``.</doc>
<msg timestamp="20230709 23:22:54.313" level="INFO">Clicking element 'xpath=(//span[contains(@class,'MuiTypography-root MuiListItemText-primary')])[2]'.</msg>
<status status="PASS" starttime="20230709 23:22:54.312" endtime="20230709 23:22:54.670"/>
</kw>
<kw name="Press Keys" library="SeleniumLibrary">
<arg>None</arg>
<arg>TAB</arg>
<doc>Simulates the user pressing key(s) to an element or on the active browser.</doc>
<msg timestamp="20230709 23:22:54.672" level="INFO">Sending key(s) ('TAB',) to page.</msg>
<msg timestamp="20230709 23:22:54.672" level="INFO">Pressing special key TAB to browser.</msg>
<msg timestamp="20230709 23:22:54.672" level="INFO">Releasing special key TAB.</msg>
<status status="PASS" starttime="20230709 23:22:54.670" endtime="20230709 23:22:54.680"/>
</kw>
<kw name="Click Button" library="SeleniumLibrary">
<arg>${BOTÃO_SALVAR}</arg>
<doc>Clicks the button identified by ``locator``.</doc>
<msg timestamp="20230709 23:22:54.681" level="INFO">Clicking button 'xpath=(//button[contains(@class,'btn br-6')])[2]'.</msg>
<status status="PASS" starttime="20230709 23:22:54.681" endtime="20230709 23:22:54.990"/>
</kw>
<kw name="Sleep" library="BuiltIn">
<arg>2s</arg>
<doc>Pauses the test executed for the given time.</doc>
<msg timestamp="20230709 23:22:56.999" level="INFO">Slept 2 seconds</msg>
<status status="PASS" starttime="20230709 23:22:54.990" endtime="20230709 23:22:56.999"/>
</kw>
<kw name="Click Element" library="SeleniumLibrary">
<arg>${CAMPO_HORA_ENTRADA}</arg>
<doc>Click the element identified by ``locator``.</doc>
<msg timestamp="20230709 23:22:57.000" level="INFO">Clicking element 'xpath=//*[@id="simple-tabpanel-0"]/div/div/div/div[1]/div/input'.</msg>
<status status="PASS" starttime="20230709 23:22:56.999" endtime="20230709 23:22:57.038"/>
</kw>
<kw name="Input Text" library="SeleniumLibrary">
<arg>${CAMPO_HORA_ENTRADA}</arg>
<arg>10:00</arg>
<doc>Types the given ``text`` into the text field identified by ``locator``.</doc>
<msg timestamp="20230709 23:22:57.039" level="INFO">Typing text '10:00' into text field 'xpath=//*[@id="simple-tabpanel-0"]/div/div/div/div[1]/div/input'.</msg>
<status status="PASS" starttime="20230709 23:22:57.038" endtime="20230709 23:22:57.127"/>
</kw>
<kw name="Click Element" library="SeleniumLibrary">
<arg>${CAMPO_HORA_SAIDA}</arg>
<doc>Click the element identified by ``locator``.</doc>
<msg timestamp="20230709 23:22:57.128" level="INFO">Clicking element 'xpath=//*[@id="simple-tabpanel-0"]/div/div/div/div[2]/div/input'.</msg>
<status status="PASS" starttime="20230709 23:22:57.128" endtime="20230709 23:22:57.173"/>
</kw>
<kw name="Input Text" library="SeleniumLibrary">
<arg>${CAMPO_HORA_SAIDA}</arg>
<arg>18:00</arg>
<doc>Types the given ``text`` into the text field identified by ``locator``.</doc>
<msg timestamp="20230709 23:22:57.174" level="INFO">Typing text '18:00' into text field 'xpath=//*[@id="simple-tabpanel-0"]/div/div/div/div[2]/div/input'.</msg>
<status status="PASS" starttime="20230709 23:22:57.173" endtime="20230709 23:22:57.270"/>
</kw>
<kw name="Click Element" library="SeleniumLibrary">
<arg>${BOTÃO_APLICA_ALT}</arg>
<doc>Click the element identified by ``locator``.</doc>
<msg timestamp="20230709 23:22:57.271" level="INFO">Clicking element 'xpath=//*[@id="simple-tabpanel-0"]/div/div/div[1]/div[5]/span'.</msg>
<status status="PASS" starttime="20230709 23:22:57.270" endtime="20230709 23:22:57.311"/>
</kw>
<kw name="Click Element" library="SeleniumLibrary">
<arg>${BOTÃO_SALVAR2}</arg>
<doc>Click the element identified by ``locator``.</doc>
<msg timestamp="20230709 23:22:57.312" level="INFO">Clicking element 'xpath=//*[@id="root"]/div[1]/div/div/div/div/div/form/div[1]/div[1]/div/button'.</msg>
<status status="PASS" starttime="20230709 23:22:57.312" endtime="20230709 23:22:57.354"/>
</kw>
<kw name="Wait Until Page Contains" library="SeleniumLibrary">
<arg>Alterações realizadas com sucesso</arg>
<doc>Waits until ``text`` appears on the current page.</doc>
<status status="PASS" starttime="20230709 23:22:57.354" endtime="20230709 23:22:57.927"/>
</kw>
<kw name="Press Keys" library="SeleniumLibrary">
<arg>None</arg>
<arg>ENTER</arg>
<doc>Simulates the user pressing key(s) to an element or on the active browser.</doc>
<msg timestamp="20230709 23:22:57.928" level="INFO">Sending key(s) ('ENTER',) to page.</msg>
<msg timestamp="20230709 23:22:57.928" level="INFO">Pressing special key ENTER to browser.</msg>
<msg timestamp="20230709 23:22:57.928" level="INFO">Releasing special key ENTER.</msg>
<status status="PASS" starttime="20230709 23:22:57.927" endtime="20230709 23:22:57.933"/>
</kw>
<status status="PASS" starttime="20230709 23:22:53.351" endtime="20230709 23:22:57.933"/>
</kw>
<status status="PASS" starttime="20230709 23:22:53.351" endtime="20230709 23:22:57.933"/>
</iter>
<iter>
<var name="${index}">7</var>
<kw name="Adicionar colaborador ao estabelecimento" library="keywords">
<kw name="Go To" library="SeleniumLibrary">
<arg>${URL_COLABORADORES}</arg>
<doc>Navigates the current browser window to the provided ``url``.</doc>
<msg timestamp="20230709 23:22:57.934" level="INFO">Opening url 'https://front-reservei-dektop.vercel.app/colaboradores'</msg>
<status status="PASS" starttime="20230709 23:22:57.934" endtime="20230709 23:22:58.281"/>
</kw>
<kw name="Wait Until Page Contains" library="SeleniumLibrary">
<arg>Colaboradores</arg>
<doc>Waits until ``text`` appears on the current page.</doc>
<status status="PASS" starttime="20230709 23:22:58.282" endtime="20230709 23:22:58.294"/>
</kw>
<kw name="Click Element" library="SeleniumLibrary">
<arg>${BOTÃO_ADD_COLABORADOR}</arg>
<doc>Click the element identified by ``locator``.</doc>
<msg timestamp="20230709 23:22:58.295" level="INFO">Clicking element 'xpath=//div[contains(@class,'col-12 col-lg-4')]//div'.</msg>
<status status="PASS" starttime="20230709 23:22:58.294" endtime="20230709 23:22:58.917"/>
</kw>
<kw name="Input Text" library="SeleniumLibrary">
<arg>${CAMPO_NOME_COLABORADOR}</arg>
<arg>Simone</arg>
<doc>Types the given ``text`` into the text field identified by ``locator``.</doc>
<msg timestamp="20230709 23:22:58.918" level="INFO">Typing text 'Simone' into text field 'xpath=//input[@class='MuiInputBase-input MuiOutlinedInput-input']'.</msg>
<status status="PASS" starttime="20230709 23:22:58.917" endtime="20230709 23:22:59.024"/>
</kw>
<kw name="Click Element" library="SeleniumLibrary">
<arg>${LISTA_SERVIÇOS}</arg>
<doc>Click the element identified by ``locator``.</doc>
<msg timestamp="20230709 23:22:59.025" level="INFO">Clicking element 'xpath=//div[contains(@class,'MuiSelect-root MuiSelect-select')]'.</msg>
<status status="PASS" starttime="20230709 23:22:59.024" endtime="20230709 23:22:59.077"/>
</kw>
<kw name="Click Element" library="SeleniumLibrary">
<arg>${LISTA_SERVIÇOS_MANICURE}</arg>
<doc>Click the element identified by ``locator``.</doc>
<msg timestamp="20230709 23:22:59.078" level="INFO">Clicking element 'xpath=(//span[contains(@class,'MuiTypography-root MuiListItemText-primary')])[2]'.</msg>
<status status="PASS" starttime="20230709 23:22:59.077" endtime="20230709 23:22:59.436"/>
</kw>
<kw name="Press Keys" library="SeleniumLibrary">
<arg>None</arg>
<arg>TAB</arg>
<doc>Simulates the user pressing key(s) to an element or on the active browser.</doc>
<msg timestamp="20230709 23:22:59.438" level="INFO">Sending key(s) ('TAB',) to page.</msg>
<msg timestamp="20230709 23:22:59.438" level="INFO">Pressing special key TAB to browser.</msg>
<msg timestamp="20230709 23:22:59.438" level="INFO">Releasing special key TAB.</msg>
<status status="PASS" starttime="20230709 23:22:59.436" endtime="20230709 23:22:59.450"/>
</kw>
<kw name="Click Button" library="SeleniumLibrary">
<arg>${BOTÃO_SALVAR}</arg>
<doc>Clicks the button identified by ``locator``.</doc>
<msg timestamp="20230709 23:22:59.451" level="INFO">Clicking button 'xpath=(//button[contains(@class,'btn br-6')])[2]'.</msg>
<status status="PASS" starttime="20230709 23:22:59.450" endtime="20230709 23:22:59.763"/>
</kw>
<kw name="Sleep" library="BuiltIn">
<arg>2s</arg>
<doc>Pauses the test executed for the given time.</doc>
<msg timestamp="20230709 23:23:01.768" level="INFO">Slept 2 seconds</msg>
<status status="PASS" starttime="20230709 23:22:59.764" endtime="20230709 23:23:01.768"/>
</kw>
<kw name="Click Element" library="SeleniumLibrary">
<arg>${CAMPO_HORA_ENTRADA}</arg>
<doc>Click the element identified by ``locator``.</doc>
<msg timestamp="20230709 23:23:01.769" level="INFO">Clicking element 'xpath=//*[@id="simple-tabpanel-0"]/div/div/div/div[1]/div/input'.</msg>
<status status="PASS" starttime="20230709 23:23:01.768" endtime="20230709 23:23:01.814"/>
</kw>
<kw name="Input Text" library="SeleniumLibrary">
<arg>${CAMPO_HORA_ENTRADA}</arg>
<arg>10:00</arg>
<doc>Types the given ``text`` into the text field identified by ``locator``.</doc>
<msg timestamp="20230709 23:23:01.815" level="INFO">Typing text '10:00' into text field 'xpath=//*[@id="simple-tabpanel-0"]/div/div/div/div[1]/div/input'.</msg>
<status status="PASS" starttime="20230709 23:23:01.814" endtime="20230709 23:23:01.900"/>
</kw>
<kw name="Click Element" library="SeleniumLibrary">
<arg>${CAMPO_HORA_SAIDA}</arg>
<doc>Click the element identified by ``locator``.</doc>
<msg timestamp="20230709 23:23:01.900" level="INFO">Clicking element 'xpath=//*[@id="simple-tabpanel-0"]/div/div/div/div[2]/div/input'.</msg>
<status status="PASS" starttime="20230709 23:23:01.900" endtime="20230709 23:23:01.945"/>
</kw>
<kw name="Input Text" library="SeleniumLibrary">
<arg>${CAMPO_HORA_SAIDA}</arg>
<arg>18:00</arg>
<doc>Types the given ``text`` into the text field identified by ``locator``.</doc>
<msg timestamp="20230709 23:23:01.946" level="INFO">Typing text '18:00' into text field 'xpath=//*[@id="simple-tabpanel-0"]/div/div/div/div[2]/div/input'.</msg>
<status status="PASS" starttime="20230709 23:23:01.946" endtime="20230709 23:23:02.041"/>
</kw>
<kw name="Click Element" library="SeleniumLibrary">
<arg>${BOTÃO_APLICA_ALT}</arg>
<doc>Click the element identified by ``locator``.</doc>
<msg timestamp="20230709 23:23:02.042" level="INFO">Clicking element 'xpath=//*[@id="simple-tabpanel-0"]/div/div/div[1]/div[5]/span'.</msg>
<status status="PASS" starttime="20230709 23:23:02.041" endtime="20230709 23:23:02.080"/>
</kw>
<kw name="Click Element" library="SeleniumLibrary">
<arg>${BOTÃO_SALVAR2}</arg>
<doc>Click the element identified by ``locator``.</doc>
<msg timestamp="20230709 23:23:02.081" level="INFO">Clicking element 'xpath=//*[@id="root"]/div[1]/div/div/div/div/div/form/div[1]/div[1]/div/button'.</msg>
<status status="PASS" starttime="20230709 23:23:02.081" endtime="20230709 23:23:02.124"/>
</kw>
<kw name="Wait Until Page Contains" library="SeleniumLibrary">
<arg>Alterações realizadas com sucesso</arg>
<doc>Waits until ``text`` appears on the current page.</doc>
<status status="PASS" starttime="20230709 23:23:02.125" endtime="20230709 23:23:02.698"/>
</kw>
<kw name="Press Keys" library="SeleniumLibrary">
<arg>None</arg>
<arg>ENTER</arg>
<doc>Simulates the user pressing key(s) to an element or on the active browser.</doc>
<msg timestamp="20230709 23:23:02.699" level="INFO">Sending key(s) ('ENTER',) to page.</msg>
<msg timestamp="20230709 23:23:02.699" level="INFO">Pressing special key ENTER to browser.</msg>
<msg timestamp="20230709 23:23:02.699" level="INFO">Releasing special key ENTER.</msg>
<status status="PASS" starttime="20230709 23:23:02.698" endtime="20230709 23:23:02.706"/>
</kw>
<status status="PASS" starttime="20230709 23:22:57.934" endtime="20230709 23:23:02.706"/>
</kw>
<status status="PASS" starttime="20230709 23:22:57.933" endtime="20230709 23:23:02.706"/>
</iter>
<iter>
<var name="${index}">8</var>
<kw name="Adicionar colaborador ao estabelecimento" library="keywords">
<kw name="Go To" library="SeleniumLibrary">
<arg>${URL_COLABORADORES}</arg>
<doc>Navigates the current browser window to the provided ``url``.</doc>
<msg timestamp="20230709 23:23:02.707" level="INFO">Opening url 'https://front-reservei-dektop.vercel.app/colaboradores'</msg>
<status status="PASS" starttime="20230709 23:23:02.707" endtime="20230709 23:23:03.110"/>
</kw>
<kw name="Wait Until Page Contains" library="SeleniumLibrary">
<arg>Colaboradores</arg>
<doc>Waits until ``text`` appears on the current page.</doc>
<status status="PASS" starttime="20230709 23:23:03.110" endtime="20230709 23:23:03.118"/>
</kw>
<kw name="Click Element" library="SeleniumLibrary">
<arg>${BOTÃO_ADD_COLABORADOR}</arg>
<doc>Click the element identified by ``locator``.</doc>
<msg timestamp="20230709 23:23:03.119" level="INFO">Clicking element 'xpath=//div[contains(@class,'col-12 col-lg-4')]//div'.</msg>
<status status="PASS" starttime="20230709 23:23:03.118" endtime="20230709 23:23:03.486"/>
</kw>
<kw name="Input Text" library="SeleniumLibrary">
<arg>${CAMPO_NOME_COLABORADOR}</arg>
<arg>Simone</arg>
<doc>Types the given ``text`` into the text field identified by ``locator``.</doc>
<msg timestamp="20230709 23:23:03.488" level="INFO">Typing text 'Simone' into text field 'xpath=//input[@class='MuiInputBase-input MuiOutlinedInput-input']'.</msg>
<status status="PASS" starttime="20230709 23:23:03.487" endtime="20230709 23:23:03.627"/>
</kw>
<kw name="Click Element" library="SeleniumLibrary">
<arg>${LISTA_SERVIÇOS}</arg>
<doc>Click the element identified by ``locator``.</doc>
<msg timestamp="20230709 23:23:03.629" level="INFO">Clicking element 'xpath=//div[contains(@class,'MuiSelect-root MuiSelect-select')]'.</msg>
<status status="PASS" starttime="20230709 23:23:03.628" endtime="20230709 23:23:03.670"/>
</kw>
<kw name="Click Element" library="SeleniumLibrary">
<arg>${LISTA_SERVIÇOS_MANICURE}</arg>
<doc>Click the element identified by ``locator``.</doc>
<msg timestamp="20230709 23:23:03.671" level="INFO">Clicking element 'xpath=(//span[contains(@class,'MuiTypography-root MuiListItemText-primary')])[2]'.</msg>
<status status="PASS" starttime="20230709 23:23:03.670" endtime="20230709 23:23:04.175"/>
</kw>
<kw name="Press Keys" library="SeleniumLibrary">
<arg>None</arg>
<arg>TAB</arg>
<doc>Simulates the user pressing key(s) to an element or on the active browser.</doc>
<msg timestamp="20230709 23:23:04.175" level="INFO">Sending key(s) ('TAB',) to page.</msg>
<msg timestamp="20230709 23:23:04.176" level="INFO">Pressing special key TAB to browser.</msg>
<msg timestamp="20230709 23:23:04.176" level="INFO">Releasing special key TAB.</msg>
<status status="PASS" starttime="20230709 23:23:04.175" endtime="20230709 23:23:04.190"/>
</kw>
<kw name="Click Button" library="SeleniumLibrary">
<arg>${BOTÃO_SALVAR}</arg>
<doc>Clicks the button identified by ``locator``.</doc>
<msg timestamp="20230709 23:23:04.192" level="INFO">Clicking button 'xpath=(//button[contains(@class,'btn br-6')])[2]'.</msg>
<status status="PASS" starttime="20230709 23:23:04.190" endtime="20230709 23:23:04.500"/>
</kw>
<kw name="Sleep" library="BuiltIn">
<arg>2s</arg>
<doc>Pauses the test executed for the given time.</doc>
<msg timestamp="20230709 23:23:06.509" level="INFO">Slept 2 seconds</msg>
<status status="PASS" starttime="20230709 23:23:04.500" endtime="20230709 23:23:06.509"/>
</kw>
<kw name="Click Element" library="SeleniumLibrary">
<arg>${CAMPO_HORA_ENTRADA}</arg>
<doc>Click the element identified by ``locator``.</doc>
<msg timestamp="20230709 23:23:06.510" level="INFO">Clicking element 'xpath=//*[@id="simple-tabpanel-0"]/div/div/div/div[1]/div/input'.</msg>
<status status="PASS" starttime="20230709 23:23:06.509" endtime="20230709 23:23:06.552"/>
</kw>
<kw name="Input Text" library="SeleniumLibrary">
<arg>${CAMPO_HORA_ENTRADA}</arg>
<arg>10:00</arg>
<doc>Types the given ``text`` into the text field identified by ``locator``.</doc>
<msg timestamp="20230709 23:23:06.553" level="INFO">Typing text '10:00' into text field 'xpath=//*[@id="simple-tabpanel-0"]/div/div/div/div[1]/div/input'.</msg>
<status status="PASS" starttime="20230709 23:23:06.552" endtime="20230709 23:23:06.645"/>
</kw>
<kw name="Click Element" library="SeleniumLibrary">
<arg>${CAMPO_HORA_SAIDA}</arg>
<doc>Click the element identified by ``locator``.</doc>
<msg timestamp="20230709 23:23:06.646" level="INFO">Clicking element 'xpath=//*[@id="simple-tabpanel-0"]/div/div/div/div[2]/div/input'.</msg>
<status status="PASS" starttime="20230709 23:23:06.645" endtime="20230709 23:23:06.686"/>
</kw>
<kw name="Input Text" library="SeleniumLibrary">
<arg>${CAMPO_HORA_SAIDA}</arg>
<arg>18:00</arg>
<doc>Types the given ``text`` into the text field identified by ``locator``.</doc>
<msg timestamp="20230709 23:23:06.686" level="INFO">Typing text '18:00' into text field 'xpath=//*[@id="simple-tabpanel-0"]/div/div/div/div[2]/div/input'.</msg>
<status status="PASS" starttime="20230709 23:23:06.686" endtime="20230709 23:23:06.769"/>
</kw>
<kw name="Click Element" library="SeleniumLibrary">
<arg>${BOTÃO_APLICA_ALT}</arg>
<doc>Click the element identified by ``locator``.</doc>
<msg timestamp="20230709 23:23:06.769" level="INFO">Clicking element 'xpath=//*[@id="simple-tabpanel-0"]/div/div/div[1]/div[5]/span'.</msg>
<status status="PASS" starttime="20230709 23:23:06.769" endtime="20230709 23:23:06.803"/>
</kw>
<kw name="Click Element" library="SeleniumLibrary">
<arg>${BOTÃO_SALVAR2}</arg>
<doc>Click the element identified by ``locator``.</doc>
<msg timestamp="20230709 23:23:06.805" level="INFO">Clicking element 'xpath=//*[@id="root"]/div[1]/div/div/div/div/div/form/div[1]/div[1]/div/button'.</msg>
<status status="PASS" starttime="20230709 23:23:06.804" endtime="20230709 23:23:06.856"/>
</kw>
<kw name="Wait Until Page Contains" library="SeleniumLibrary">
<arg>Alterações realizadas com sucesso</arg>
<doc>Waits until ``text`` appears on the current page.</doc>
<status status="PASS" starttime="20230709 23:23:06.857" endtime="20230709 23:23:07.420"/>
</kw>
<kw name="Press Keys" library="SeleniumLibrary">
<arg>None</arg>
<arg>ENTER</arg>
<doc>Simulates the user pressing key(s) to an element or on the active browser.</doc>
<msg timestamp="20230709 23:23:07.421" level="INFO">Sending key(s) ('ENTER',) to page.</msg>
<msg timestamp="20230709 23:23:07.421" level="INFO">Pressing special key ENTER to browser.</msg>
<msg timestamp="20230709 23:23:07.421" level="INFO">Releasing special key ENTER.</msg>
<status status="PASS" starttime="20230709 23:23:07.420" endtime="20230709 23:23:07.429"/>
</kw>
<status status="PASS" starttime="20230709 23:23:02.707" endtime="20230709 23:23:07.429"/>
</kw>
<status status="PASS" starttime="20230709 23:23:02.707" endtime="20230709 23:23:07.429"/>
</iter>
<iter>
<var name="${index}">9</var>
<kw name="Adicionar colaborador ao estabelecimento" library="keywords">
<kw name="Go To" library="SeleniumLibrary">
<arg>${URL_COLABORADORES}</arg>
<doc>Navigates the current browser window to the provided ``url``.</doc>
<msg timestamp="20230709 23:23:07.430" level="INFO">Opening url 'https://front-reservei-dektop.vercel.app/colaboradores'</msg>
<status status="PASS" starttime="20230709 23:23:07.430" endtime="20230709 23:23:07.749"/>
</kw>
<kw name="Wait Until Page Contains" library="SeleniumLibrary">
<arg>Colaboradores</arg>
<doc>Waits until ``text`` appears on the current page.</doc>
<status status="PASS" starttime="20230709 23:23:07.750" endtime="20230709 23:23:07.760"/>
</kw>
<kw name="Click Element" library="SeleniumLibrary">
<arg>${BOTÃO_ADD_COLABORADOR}</arg>
<doc>Click the element identified by ``locator``.</doc>
<msg timestamp="20230709 23:23:07.761" level="INFO">Clicking element 'xpath=//div[contains(@class,'col-12 col-lg-4')]//div'.</msg>
<status status="PASS" starttime="20230709 23:23:07.760" endtime="20230709 23:23:08.435"/>
</kw>
<kw name="Input Text" library="SeleniumLibrary">
<arg>${CAMPO_NOME_COLABORADOR}</arg>
<arg>Simone</arg>
<doc>Types the given ``text`` into the text field identified by ``locator``.</doc>
<msg timestamp="20230709 23:23:08.436" level="INFO">Typing text 'Simone' into text field 'xpath=//input[@class='MuiInputBase-input MuiOutlinedInput-input']'.</msg>
<status status="PASS" starttime="20230709 23:23:08.436" endtime="20230709 23:23:08.546"/>
</kw>
<kw name="Click Element" library="SeleniumLibrary">
<arg>${LISTA_SERVIÇOS}</arg>
<doc>Click the element identified by ``locator``.</doc>
<msg timestamp="20230709 23:23:08.547" level="INFO">Clicking element 'xpath=//div[contains(@class,'MuiSelect-root MuiSelect-select')]'.</msg>
<status status="PASS" starttime="20230709 23:23:08.546" endtime="20230709 23:23:08.594"/>
</kw>
<kw name="Click Element" library="SeleniumLibrary">
<arg>${LISTA_SERVIÇOS_MANICURE}</arg>
<doc>Click the element identified by ``locator``.</doc>
<msg timestamp="20230709 23:23:08.594" level="INFO">Clicking element 'xpath=(//span[contains(@class,'MuiTypography-root MuiListItemText-primary')])[2]'.</msg>
<status status="PASS" starttime="20230709 23:23:08.594" endtime="20230709 23:23:08.966"/>
</kw>
<kw name="Press Keys" library="SeleniumLibrary">
<arg>None</arg>
<arg>TAB</arg>
<doc>Simulates the user pressing key(s) to an element or on the active browser.</doc>
<msg timestamp="20230709 23:23:08.967" level="INFO">Sending key(s) ('TAB',) to page.</msg>
<msg timestamp="20230709 23:23:08.967" level="INFO">Pressing special key TAB to browser.</msg>
<msg timestamp="20230709 23:23:08.967" level="INFO">Releasing special key TAB.</msg>
<status status="PASS" starttime="20230709 23:23:08.966" endtime="20230709 23:23:08.981"/>
</kw>
<kw name="Click Button" library="SeleniumLibrary">
<arg>${BOTÃO_SALVAR}</arg>
<doc>Clicks the button identified by ``locator``.</doc>
<msg timestamp="20230709 23:23:08.981" level="INFO">Clicking button 'xpath=(//button[contains(@class,'btn br-6')])[2]'.</msg>
<status status="PASS" starttime="20230709 23:23:08.981" endtime="20230709 23:23:09.294"/>
</kw>
<kw name="Sleep" library="BuiltIn">
<arg>2s</arg>
<doc>Pauses the test executed for the given time.</doc>
<msg timestamp="20230709 23:23:11.298" level="INFO">Slept 2 seconds</msg>
<status status="PASS" starttime="20230709 23:23:09.295" endtime="20230709 23:23:11.298"/>
</kw>
<kw name="Click Element" library="SeleniumLibrary">
<arg>${CAMPO_HORA_ENTRADA}</arg>
<doc>Click the element identified by ``locator``.</doc>
<msg timestamp="20230709 23:23:11.299" level="INFO">Clicking element 'xpath=//*[@id="simple-tabpanel-0"]/div/div/div/div[1]/div/input'.</msg>
<status status="PASS" starttime="20230709 23:23:11.298" endtime="20230709 23:23:11.343"/>
</kw>
<kw name="Input Text" library="SeleniumLibrary">
<arg>${CAMPO_HORA_ENTRADA}</arg>
<arg>10:00</arg>
<doc>Types the given ``text`` into the text field identified by ``locator``.</doc>
<msg timestamp="20230709 23:23:11.345" level="INFO">Typing text '10:00' into text field 'xpath=//*[@id="simple-tabpanel-0"]/div/div/div/div[1]/div/input'.</msg>
<status status="PASS" starttime="20230709 23:23:11.343" endtime="20230709 23:23:11.437"/>
</kw>
<kw name="Click Element" library="SeleniumLibrary">
<arg>${CAMPO_HORA_SAIDA}</arg>
<doc>Click the element identified by ``locator``.</doc>
<msg timestamp="20230709 23:23:11.438" level="INFO">Clicking element 'xpath=//*[@id="simple-tabpanel-0"]/div/div/div/div[2]/div/input'.</msg>
<status status="PASS" starttime="20230709 23:23:11.437" endtime="20230709 23:23:11.484"/>
</kw>
<kw name="Input Text" library="SeleniumLibrary">
<arg>${CAMPO_HORA_SAIDA}</arg>
<arg>18:00</arg>
<doc>Types the given ``text`` into the text field identified by ``locator``.</doc>
<msg timestamp="20230709 23:23:11.484" level="INFO">Typing text '18:00' into text field 'xpath=//*[@id="simple-tabpanel-0"]/div/div/div/div[2]/div/input'.</msg>
<status status="PASS" starttime="20230709 23:23:11.484" endtime="20230709 23:23:11.575"/>
</kw>
<kw name="Click Element" library="SeleniumLibrary">
<arg>${BOTÃO_APLICA_ALT}</arg>
<doc>Click the element identified by ``locator``.</doc>
<msg timestamp="20230709 23:23:11.576" level="INFO">Clicking element 'xpath=//*[@id="simple-tabpanel-0"]/div/div/div[1]/div[5]/span'.</msg>
<status status="PASS" starttime="20230709 23:23:11.575" endtime="20230709 23:23:11.613"/>
</kw>
<kw name="Click Element" library="SeleniumLibrary">
<arg>${BOTÃO_SALVAR2}</arg>
<doc>Click the element identified by ``locator``.</doc>
<msg timestamp="20230709 23:23:11.614" level="INFO">Clicking element 'xpath=//*[@id="root"]/div[1]/div/div/div/div/div/form/div[1]/div[1]/div/button'.</msg>
<status status="PASS" starttime="20230709 23:23:11.613" endtime="20230709 23:23:11.651"/>
</kw>
<kw name="Wait Until Page Contains" library="SeleniumLibrary">
<arg>Alterações realizadas com sucesso</arg>
<doc>Waits until ``text`` appears on the current page.</doc>
<status status="PASS" starttime="20230709 23:23:11.652" endtime="20230709 23:23:12.281"/>
</kw>
<kw name="Press Keys" library="SeleniumLibrary">
<arg>None</arg>
<arg>ENTER</arg>
<doc>Simulates the user pressing key(s) to an element or on the active browser.</doc>
<msg timestamp="20230709 23:23:12.282" level="INFO">Sending key(s) ('ENTER',) to page.</msg>
<msg timestamp="20230709 23:23:12.282" level="INFO">Pressing special key ENTER to browser.</msg>
<msg timestamp="20230709 23:23:12.282" level="INFO">Releasing special key ENTER.</msg>
<status status="PASS" starttime="20230709 23:23:12.281" endtime="20230709 23:23:12.288"/>
</kw>
<status status="PASS" starttime="20230709 23:23:07.429" endtime="20230709 23:23:12.288"/>
</kw>
<status status="PASS" starttime="20230709 23:23:07.429" endtime="20230709 23:23:12.288"/>
</iter>
<status status="PASS" starttime="20230709 23:22:21.985" endtime="20230709 23:23:12.288"/>
</for>
<status status="PASS" starttime="20230709 23:22:21.983" endtime="20230709 23:23:12.289"/>
</test>
<status status="PASS" starttime="20230709 23:22:09.835" endtime="20230709 23:23:12.292"/>
</suite>
<statistics>
<total>
<stat pass="2" fail="0" skip="0">All Tests</stat>
</total>
<tag>
</tag>
<suite>
<stat pass="2" fail="0" skip="0" id="s1" name="Code">Code</stat>
</suite>
</statistics>
<errors>
</errors>
</robot>
